<?xml version="1.0" encoding="UTF-8"?>
<!-- Generated by org.testng.reporters.JUnitReportReporter -->
<testsuite hostname="DESKTOP-SKMHA9M" failures="0" tests="1" name="com.phase2.testng.SignInTest" time="53.743" errors="0" timestamp="2023-12-19T18:39:12 IST" skipped="0">
  <testcase classname="com.phase2.testng.SignInTest" name="signInTest" time="53.743"/>
</testsuite> <!-- com.phase2.testng.SignInTest -->
